Looking for git in: git
Using git 2.7.4 from git
> git rev-parse --show-toplevel
> git rev-parse --git-dir
Open repository: /opt/lampp/htdocs/laravel8pro
> git status -z -u
> git symbolic-ref --short HEAD
> git rev-parse master
> git rev-parse --symbolic-full-name master@{u}
> git rev-list --left-right master...refs/remotes/origin/master
> git check-ignore -v -z --stdin
> git for-each-ref --format %(refname) %(objectname) --sort -committerdate
> git remote --verbose
> git show :resources/lang/hi/message.php
> git config --get commit.template
> git show :resources/lang/hi/message.php
> git show :routes/web.php
> git check-ignore -v -z --stdin
> git show :app/Http/Controllers/PaginationController.php
> git check-ignore -v -z --stdin
> git check-ignore -v -z --stdin
> git show :app/PaymentGateway/paymentFacade.php
> git show :app/PaymentGateway/payment.php
> git show :app/Http/Controllers/PaginationController.php
> git show :app/PaymentGateway/payment.php
> git show :app/PaymentGateway/paymentFacade.php
> git show :app/PaymentGateway/payment.php
> git show :app/PaymentGateway/paymentFacade.php
> git check-ignore -v -z --stdin
> git show :app/Providers/PaymentServiceProvieder.php
> git show :config/app.php
> git show :app/Providers/PaymentServiceProvieder.php
> git show :config/app.php
> git show :routes/web.php
> git check-ignore -v -z --stdin
> git check-ignore -v -z --stdin
> git show :app/PaymentGateway/payment.php
> git show :config/app.php
> git show :app/PaymentGateway/payment.php
> git show :routes/web.php
> git show :app/PaymentGateway/payment.php
> git show :routes/web.php
> git show :app/PaymentGateway/payment.php
> git show :routes/web.php
