Initializing document watcher...
laravel8pro/routes/web.php: {"insertSpaces":true,"tabSize":4}
laravel8pro/routes/web.php: Using EditorConfig core...
routes/web.php: setEndOfLine(LF)
routes/web.php: editor.action.trimTrailingWhitespace
laravel8pro/routes/web.php: Using EditorConfig core...
routes/web.php: setEndOfLine(LF)
routes/web.php: editor.action.trimTrailingWhitespace
laravel8pro/routes/web.php: {"insertSpaces":true,"tabSize":4}
laravel8pro/routes/web.php: {"insertSpaces":true,"tabSize":4}
laravel8pro/routes/web.php: {"insertSpaces":true,"tabSize":4}
laravel8pro/app/Http/Controllers/PaginationController.php: {"insertSpaces":true,"tabSize":4}
laravel8pro/app/Http/Controllers/PaginationController.php: {"insertSpaces":true,"tabSize":4}
laravel8pro/app/Http/Controllers/PaginationController.php: {"insertSpaces":true,"tabSize":4}
laravel8pro/app/PaymentGateway/paymentFacade.php: {"insertSpaces":true,"tabSize":4}
laravel8pro/app/PaymentGateway/payment.php: {"insertSpaces":true,"tabSize":4}
laravel8pro/app/Http/Controllers/PaginationController.php: {"insertSpaces":true,"tabSize":4}
laravel8pro/app/PaymentGateway/payment.php: {"insertSpaces":true,"tabSize":4}
laravel8pro/app/PaymentGateway/paymentFacade.php: {"insertSpaces":true,"tabSize":4}
laravel8pro/app/PaymentGateway/paymentFacade.php: Using EditorConfig core...
app/PaymentGateway/paymentFacade.php: setEndOfLine(LF)
app/PaymentGateway/paymentFacade.php: editor.action.trimTrailingWhitespace
app/PaymentGateway/paymentFacade.php: insertFinalNewline(LF)
laravel8pro/app/PaymentGateway/payment.php: {"insertSpaces":true,"tabSize":4}
laravel8pro/app/PaymentGateway/payment.php: Using EditorConfig core...
app/PaymentGateway/payment.php: setEndOfLine(LF)
app/PaymentGateway/payment.php: editor.action.trimTrailingWhitespace
app/PaymentGateway/payment.php: insertFinalNewline(LF)
laravel8pro/app/PaymentGateway/paymentFacade.php: {"insertSpaces":true,"tabSize":4}
laravel8pro/app/Providers/PaymentServiceProvieder.php: {"insertSpaces":true,"tabSize":4}
laravel8pro/app/Providers/PaymentServiceProvieder.php: Using EditorConfig core...
app/Providers/PaymentServiceProvieder.php: setEndOfLine(LF)
app/Providers/PaymentServiceProvieder.php: editor.action.trimTrailingWhitespace
laravel8pro/app/Providers/PaymentServiceProvieder.php: Using EditorConfig core...
app/Providers/PaymentServiceProvieder.php: setEndOfLine(LF)
app/Providers/PaymentServiceProvieder.php: editor.action.trimTrailingWhitespace
laravel8pro/config/app.php: {"insertSpaces":true,"tabSize":4}
laravel8pro/config/app.php: Using EditorConfig core...
config/app.php: setEndOfLine(LF)
config/app.php: editor.action.trimTrailingWhitespace
laravel8pro/config/app.php: Using EditorConfig core...
config/app.php: setEndOfLine(LF)
config/app.php: editor.action.trimTrailingWhitespace
laravel8pro/app/Providers/PaymentServiceProvieder.php: {"insertSpaces":true,"tabSize":4}
laravel8pro/config/app.php: {"insertSpaces":true,"tabSize":4}
laravel8pro/config/app.php: Using EditorConfig core...
config/app.php: setEndOfLine(LF)
config/app.php: editor.action.trimTrailingWhitespace
laravel8pro/config/app.php: Using EditorConfig core...
config/app.php: setEndOfLine(LF)
config/app.php: editor.action.trimTrailingWhitespace
laravel8pro/config/app.php: Using EditorConfig core...
config/app.php: setEndOfLine(LF)
config/app.php: editor.action.trimTrailingWhitespace
laravel8pro/routes/web.php: {"insertSpaces":true,"tabSize":4}
laravel8pro/routes/web.php: Using EditorConfig core...
routes/web.php: setEndOfLine(LF)
routes/web.php: editor.action.trimTrailingWhitespace
laravel8pro/routes/web.php: Using EditorConfig core...
routes/web.php: setEndOfLine(LF)
routes/web.php: editor.action.trimTrailingWhitespace
laravel8pro/routes/web.php: {"insertSpaces":true,"tabSize":4}
laravel8pro/routes/web.php: {"insertSpaces":true,"tabSize":4}
laravel8pro/app/PaymentGateway/payment.php: {"insertSpaces":true,"tabSize":4}
laravel8pro/config/app.php: {"insertSpaces":true,"tabSize":4}
laravel8pro/app/PaymentGateway/payment.php: {"insertSpaces":true,"tabSize":4}
laravel8pro/routes/web.php: {"insertSpaces":true,"tabSize":4}
laravel8pro/routes/web.php: {"insertSpaces":true,"tabSize":4}
laravel8pro/app/PaymentGateway/payment.php: {"insertSpaces":true,"tabSize":4}
laravel8pro/app/PaymentGateway/payment.php: {"insertSpaces":true,"tabSize":4}
laravel8pro/routes/web.php: {"insertSpaces":true,"tabSize":4}
laravel8pro/app/PaymentGateway/payment.php: {"insertSpaces":true,"tabSize":4}
laravel8pro/routes/web.php: {"insertSpaces":true,"tabSize":4}
laravel8pro/routes/web.php: Using EditorConfig core...
routes/web.php: setEndOfLine(LF)
routes/web.php: editor.action.trimTrailingWhitespace
laravel8pro/routes/web.php: {"insertSpaces":true,"tabSize":4}
laravel8pro/routes/web.php: {"insertSpaces":true,"tabSize":4}
laravel8pro/routes/web.php: {"insertSpaces":true,"tabSize":4}
