[2021-01-27 08:51:21.045] [sharedprocess] [info] main {"machineId":"9bee0f72e902aafe60d6ac168ecaee6ce7844c777cb5d04ffbe81b9b1421ea85","windowId":2}
[2021-01-27 08:52:00.880] [sharedprocess] [info] Starting to clean up unused language packs.
[2021-01-27 10:12:30.423] [sharedprocess] [info] Installing extension: onecentlin.laravel-blade
[2021-01-27 10:12:39.992] [sharedprocess] [info] Installing extension: onecentlin.laravel5-snippets
[2021-01-27 10:12:41.309] [sharedprocess] [info] Downloaded extension: onecentlin.laravel5-snippets /tmp/c82b3d4a-f410-4e97-bf2b-61a03a68a208
[2021-01-27 10:12:41.509] [sharedprocess] [info] Extracted extension to /root/.vscode/extensions/.onecentlin.laravel5-snippets-1.10.0: onecentlin.laravel5-snippets
[2021-01-27 10:12:41.509] [sharedprocess] [info] Renamed to /root/.vscode/extensions/onecentlin.laravel5-snippets-1.10.0
[2021-01-27 10:12:41.511] [sharedprocess] [info] Installation completed. onecentlin.laravel5-snippets
[2021-01-27 10:12:41.532] [sharedprocess] [info] Extensions installed successfully: onecentlin.laravel5-snippets
[2021-01-27 10:12:42.408] [sharedprocess] [info] Downloaded extension: onecentlin.laravel-blade /tmp/32a6d307-a0a4-4fe1-8870-5ce1fca4ba4d
[2021-01-27 10:12:45.436] [sharedprocess] [info] Extracted extension to /root/.vscode/extensions/.onecentlin.laravel-blade-1.20.0: onecentlin.laravel-blade
[2021-01-27 10:12:45.437] [sharedprocess] [info] Renamed to /root/.vscode/extensions/onecentlin.laravel-blade-1.20.0
[2021-01-27 10:12:45.438] [sharedprocess] [info] Installation completed. onecentlin.laravel-blade
[2021-01-27 10:12:45.490] [sharedprocess] [info] Extensions installed successfully: onecentlin.laravel-blade
[2021-01-27 10:13:11.265] [sharedprocess] [info] Installing extension: codingyu.laravel-goto-view
[2021-01-27 10:13:12.231] [sharedprocess] [info] Downloaded extension: codingyu.laravel-goto-view /tmp/2fa051d9-4b51-4940-af76-39d9b45641b4
[2021-01-27 10:13:12.281] [sharedprocess] [info] Extracted extension to /root/.vscode/extensions/.codingyu.laravel-goto-view-1.3.4: codingyu.laravel-goto-view
[2021-01-27 10:13:12.282] [sharedprocess] [info] Renamed to /root/.vscode/extensions/codingyu.laravel-goto-view-1.3.4
[2021-01-27 10:13:12.282] [sharedprocess] [info] Installation completed. codingyu.laravel-goto-view
[2021-01-27 10:13:12.314] [sharedprocess] [info] Extensions installed successfully: codingyu.laravel-goto-view
[2021-01-27 10:13:21.884] [sharedprocess] [info] Installing extension: onecentlin.laravel-extension-pack
[2021-01-27 10:13:22.346] [sharedprocess] [info] Downloaded extension: onecentlin.laravel-extension-pack /tmp/bf59330d-5e30-4026-86ba-b9a80f15f13a
[2021-01-27 10:13:22.372] [sharedprocess] [info] Extracted extension to /root/.vscode/extensions/.onecentlin.laravel-extension-pack-1.0.0: onecentlin.laravel-extension-pack
[2021-01-27 10:13:22.372] [sharedprocess] [info] Renamed to /root/.vscode/extensions/onecentlin.laravel-extension-pack-1.0.0
[2021-01-27 10:13:22.373] [sharedprocess] [info] Installation completed. onecentlin.laravel-extension-pack
[2021-01-27 10:13:22.791] [sharedprocess] [info] Installing extension: mikestead.dotenv
[2021-01-27 10:13:22.791] [sharedprocess] [info] Installing extension: ryannaddy.laravel-artisan
[2021-01-27 10:13:22.792] [sharedprocess] [info] Installing extension: amiralizadeh9480.laravel-extra-intellisense
[2021-01-27 10:13:22.792] [sharedprocess] [info] Installing extension: stef-k.laravel-goto-controller
[2021-01-27 10:13:23.063] [sharedprocess] [info] Installing extension: felixfbecker.php-debug
[2021-01-27 10:13:23.080] [sharedprocess] [info] Installing extension: editorconfig.editorconfig
[2021-01-27 10:13:23.088] [sharedprocess] [info] Installing extension: bmewburn.vscode-intelephense-client
[2021-01-27 10:13:25.164] [sharedprocess] [info] Downloaded extension: mikestead.dotenv /tmp/33920d0e-5e8b-4391-b816-d88962ca739b
[2021-01-27 10:13:25.210] [sharedprocess] [info] Extracted extension to /root/.vscode/extensions/.mikestead.dotenv-1.0.1: mikestead.dotenv
[2021-01-27 10:13:25.211] [sharedprocess] [info] Renamed to /root/.vscode/extensions/mikestead.dotenv-1.0.1
[2021-01-27 10:13:25.213] [sharedprocess] [info] Installation completed. mikestead.dotenv
[2021-01-27 10:13:25.249] [sharedprocess] [info] Extensions installed successfully: mikestead.dotenv
[2021-01-27 10:13:26.423] [sharedprocess] [info] Downloaded extension: editorconfig.editorconfig /tmp/58e1bc20-cb5d-4cd4-8583-57c0f4383429
[2021-01-27 10:13:26.553] [sharedprocess] [info] Extracted extension to /root/.vscode/extensions/.editorconfig.editorconfig-0.14.2: editorconfig.editorconfig
[2021-01-27 10:13:26.553] [sharedprocess] [info] Renamed to /root/.vscode/extensions/editorconfig.editorconfig-0.14.2
[2021-01-27 10:13:26.565] [sharedprocess] [info] Installation completed. editorconfig.editorconfig
[2021-01-27 10:13:26.597] [sharedprocess] [info] Extensions installed successfully: editorconfig.editorconfig
[2021-01-27 10:13:30.479] [sharedprocess] [info] Downloaded extension: stef-k.laravel-goto-controller /tmp/9cf97bee-75a6-48ee-a21b-0fa26a08cc13
[2021-01-27 10:13:30.564] [sharedprocess] [info] Extracted extension to /root/.vscode/extensions/.stef-k.laravel-goto-controller-0.0.12: stef-k.laravel-goto-controller
[2021-01-27 10:13:30.564] [sharedprocess] [info] Renamed to /root/.vscode/extensions/stef-k.laravel-goto-controller-0.0.12
[2021-01-27 10:13:30.565] [sharedprocess] [info] Installation completed. stef-k.laravel-goto-controller
[2021-01-27 10:13:30.598] [sharedprocess] [info] Extensions installed successfully: stef-k.laravel-goto-controller
[2021-01-27 10:13:31.873] [sharedprocess] [info] Downloaded extension: felixfbecker.php-debug /tmp/643ed06a-4654-479a-b6b1-69a6c13d28e0
[2021-01-27 10:13:32.008] [sharedprocess] [info] Downloaded extension: amiralizadeh9480.laravel-extra-intellisense /tmp/b1b92210-937e-4710-8d78-33447dfdb4ca
[2021-01-27 10:13:32.357] [sharedprocess] [info] Extracted extension to /root/.vscode/extensions/.amiralizadeh9480.laravel-extra-intellisense-0.4.1: amiralizadeh9480.laravel-extra-intellisense
[2021-01-27 10:13:32.358] [sharedprocess] [info] Renamed to /root/.vscode/extensions/amiralizadeh9480.laravel-extra-intellisense-0.4.1
[2021-01-27 10:13:32.359] [sharedprocess] [info] Installation completed. amiralizadeh9480.laravel-extra-intellisense
[2021-01-27 10:13:32.399] [sharedprocess] [info] Extensions installed successfully: amiralizadeh9480.laravel-extra-intellisense
[2021-01-27 10:13:32.479] [sharedprocess] [info] Downloaded extension: ryannaddy.laravel-artisan /tmp/fbe6756d-9907-4a69-b1c9-a14ab9e8ba3d
[2021-01-27 10:13:34.418] [sharedprocess] [info] Downloaded extension: bmewburn.vscode-intelephense-client /tmp/6c7d8dff-8b62-46aa-9e42-94c354535809
[2021-01-27 10:13:35.082] [sharedprocess] [info] Extracted extension to /root/.vscode/extensions/.ryannaddy.laravel-artisan-0.0.27: ryannaddy.laravel-artisan
[2021-01-27 10:13:35.085] [sharedprocess] [info] Renamed to /root/.vscode/extensions/ryannaddy.laravel-artisan-0.0.27
[2021-01-27 10:13:35.102] [sharedprocess] [info] Installation completed. ryannaddy.laravel-artisan
[2021-01-27 10:13:35.155] [sharedprocess] [info] Extensions installed successfully: ryannaddy.laravel-artisan
[2021-01-27 10:13:37.333] [sharedprocess] [info] Extracted extension to /root/.vscode/extensions/.felixfbecker.php-debug-1.14.0: felixfbecker.php-debug
[2021-01-27 10:13:37.333] [sharedprocess] [info] Renamed to /root/.vscode/extensions/felixfbecker.php-debug-1.14.0
[2021-01-27 10:13:37.340] [sharedprocess] [info] Installation completed. felixfbecker.php-debug
[2021-01-27 10:13:37.425] [sharedprocess] [info] Extensions installed successfully: felixfbecker.php-debug
[2021-01-27 10:13:37.817] [sharedprocess] [info] Extracted extension to /root/.vscode/extensions/.bmewburn.vscode-intelephense-client-1.3.11: bmewburn.vscode-intelephense-client
[2021-01-27 10:13:37.818] [sharedprocess] [info] Renamed to /root/.vscode/extensions/bmewburn.vscode-intelephense-client-1.3.11
[2021-01-27 10:13:37.819] [sharedprocess] [info] Installation completed. bmewburn.vscode-intelephense-client
[2021-01-27 10:13:37.862] [sharedprocess] [info] Extensions installed successfully: bmewburn.vscode-intelephense-client
[2021-01-27 10:13:37.864] [sharedprocess] [info] Extensions installed successfully: onecentlin.laravel-extension-pack
