Looking for git in: git
Using git 2.7.4 from git
> git rev-parse --show-toplevel
> git rev-parse --git-dir
Open repository: /opt/lampp/htdocs/laravel8pro
> git status -z -u
> git symbolic-ref --short HEAD
> git rev-parse master
> git rev-parse --symbolic-full-name master@{u}
fatal: aucune branche amont configurée pour la branche 'master'
> git for-each-ref --format %(refname) %(objectname) --sort -committerdate
> git remote --verbose
> git config --get commit.template
> git show :routes/web.php
> git check-ignore -v -z --stdin
> git show :routes/web.php
> git status -z -u
> git symbolic-ref --short HEAD
> git rev-parse master
> git rev-parse --symbolic-full-name master@{u}
fatal: aucune branche amont configurée pour la branche 'master'
> git for-each-ref --format %(refname) %(objectname) --sort -committerdate
> git remote --verbose
> git config --get commit.template
> git show :routes/web.php
> git show :app/Http/Controllers/SessionController.php
> git ls-files --stage -- app/Http/Controllers/
> git check-ignore -v -z --stdin
> git add -A -- .
> git commit --quiet --allow-empty-message --file -
> git status -z -u
> git symbolic-ref --short HEAD
> git rev-parse master
> git rev-parse --symbolic-full-name master@{u}
fatal: aucune branche amont configurée pour la branche 'master'
> git for-each-ref --format %(refname) %(objectname) --sort -committerdate
> git remote --verbose
> git config --get commit.template
> git push
warning: push.default n'est pas défini ; sa valeur implicite a changé dans Git 2.0
de 'matching' vers 'simple'. Pour supprimer ce message et maintenir
le comportement actuel après la modification de la valeur de défaut, utilisez :

  git config --global push.default matching

Pour supprimer ce message et adopter le nouveau comportement maintenant, utilisez :

  git config --global push.default simple

Quand push.default vaudra 'matching', git poussera les branches locales
sur les branches distantes qui existent déjà avec le même nom.

Depuis Git 2.0, Git utilise par défaut le comportement plus conservatif 'simple'
qui ne pousse la branche courante que vers la branche distante correspondante
que 'git pull' utilise pour mettre à jour la branche courante.
 
Voir 'git help config' et chercher 'push.default' pour plus d'information.
(le mode 'simple' a été introduit dans Git 1.7.11. Utilisez le mode similaire
'current' au lieu de 'simple' si vous utilisez de temps en temps d'anciennes versions de Git)

fatal: La branche courante master n'a pas de branche amont.
Pour pousser la branche courante et définir la distante comme amont, utilisez

    git push --set-upstream origin master
> git status -z -u
> git symbolic-ref --short HEAD
> git rev-parse master
> git rev-parse --symbolic-full-name master@{u}
fatal: aucune branche amont configurée pour la branche 'master'
> git for-each-ref --format %(refname) %(objectname) --sort -committerdate
> git remote --verbose
> git config --get commit.template
> git status -z -u
> git symbolic-ref --short HEAD
> git rev-parse master
> git rev-parse --symbolic-full-name master@{u}
fatal: aucune branche amont configurée pour la branche 'master'
> git for-each-ref --format %(refname) %(objectname) --sort -committerdate
> git remote --verbose
> git config --get commit.template
> git check-ignore -v -z --stdin
> git show :app/Http/Controllers/SessionController.php
> git check-ignore -v -z --stdin
