Looking for git in: git
Using git 2.7.4 from git
> git rev-parse --show-toplevel
> git rev-parse --git-dir
Open repository: /opt/lampp/htdocs/laravel8pro
> git status -z -u
> git symbolic-ref --short HEAD
> git rev-parse master
> git show :app/Http/Controllers/PaginationController.php
> git rev-parse --symbolic-full-name master@{u}
> git ls-files --stage -- app/Http/Controllers/
> git rev-list --left-right master...refs/remotes/origin/master
> git check-ignore -v -z --stdin
> git for-each-ref --format %(refname) %(objectname) --sort -committerdate
> git remote --verbose
> git show :app/Http/Controllers/PaginationController.php
> git ls-files --stage -- app/Http/Controllers/
> git config --get commit.template
> git show :database/seeders/DatabaseSeeder.php
> git show :app/Http/Controllers/PaginationController.php
> git ls-files --stage -- app/Http/Controllers/
> git show :routes/web.php
> git check-ignore -v -z --stdin
> git check-ignore -v -z --stdin
> git check-ignore -v -z --stdin
> git check-ignore -v -z --stdin
