Initializing document watcher...
laravel8pro/app/Http/Controllers/PaginationController.php: Using EditorConfig core...
app/Http/Controllers/PaginationController.php: setEndOfLine(LF)
app/Http/Controllers/PaginationController.php: editor.action.trimTrailingWhitespace
laravel8pro/database/seeders/DatabaseSeeder.php: {"insertSpaces":true,"tabSize":4}
laravel8pro/database/seeders/DatabaseSeeder.php: Using EditorConfig core...
database/seeders/DatabaseSeeder.php: setEndOfLine(LF)
database/seeders/DatabaseSeeder.php: editor.action.trimTrailingWhitespace
laravel8pro/app/Http/Controllers/PaginationController.php: {"insertSpaces":true,"tabSize":4}
laravel8pro/app/Http/Controllers/PaginationController.php: Using EditorConfig core...
app/Http/Controllers/PaginationController.php: setEndOfLine(LF)
app/Http/Controllers/PaginationController.php: editor.action.trimTrailingWhitespace
laravel8pro/app/Http/Controllers/PaginationController.php: Using EditorConfig core...
app/Http/Controllers/PaginationController.php: setEndOfLine(LF)
app/Http/Controllers/PaginationController.php: editor.action.trimTrailingWhitespace
laravel8pro/app/Http/Controllers/PaginationController.php: Using EditorConfig core...
app/Http/Controllers/PaginationController.php: setEndOfLine(LF)
app/Http/Controllers/PaginationController.php: editor.action.trimTrailingWhitespace
laravel8pro/routes/web.php: {"insertSpaces":true,"tabSize":4}
laravel8pro/routes/web.php: Using EditorConfig core...
routes/web.php: setEndOfLine(LF)
routes/web.php: editor.action.trimTrailingWhitespace
routes/web.php: insertFinalNewline(LF)
