Looking for git in: git
Using git 2.7.4 from git
> git rev-parse --show-toplevel
> git rev-parse --git-dir
Open repository: /opt/lampp/htdocs/laravel8pro
> git status -z -u
> git symbolic-ref --short HEAD
> git rev-parse master
> git rev-parse --symbolic-full-name master@{u}
> git rev-list --left-right master...refs/remotes/origin/master
> git show :resources/views/test.blade.php
> git for-each-ref --format %(refname) %(objectname) --sort -committerdate
> git remote --verbose
> git config --local branch.master.github-pr-owner-number
> git config --get commit.template
> git config --local branch.master.github-pr-owner-number
> git check-ignore -v -z --stdin
> git show :resources/views/test.blade.php
> git show :resources/views/headers.blade.php
> git check-ignore -v -z --stdin
> git show :resources/views/test.blade.php
> git check-ignore -v -z --stdin
> git show :resources/views/layouts/master.blade.php
> git show :routes/web.php
> git show :resources/views/contact.blade.php
> git check-ignore -v -z --stdin
> git show :resources/views/components/about.blade.php
> git show :routes/web.php
> git check-ignore -v -z --stdin
> git check-ignore -v -z --stdin
> git show :resources/views/about.blade.php
> git ls-files --stage -- resources/views/
> git check-ignore -v -z --stdin
> git show :routes/web.php
> git show :resources/views/index.blade.php
> git show :resources/views/about.blade.php
> git ls-files --stage -- resources/views/
> git show :resources/views/layouts/master.blade.php
> git show :database/seeders/DatabaseSeeder.php
> git show :app/Http/Controllers/ClientController.php
> git show :resources/views/headers.blade.php
> git show :database/seeders/DatabaseSeeder.php
> git show :database/seeders/PostTableSeeder.php
> git check-ignore -v -z --stdin
> git show :database/migrations/2014_10_12_000000_create_users_table.php
> git show :database/seeders/DatabaseSeeder.php
> git show :database/seeders/PostTableSeeder.php
> git check-ignore -v -z --stdin
> git show :database/factories/UserFactory.php
> git show :database/seeders/DatabaseSeeder.php
> git check-ignore -v -z --stdin
> git show :app/Http/Controllers/PaginationController.php
> git ls-files --stage -- app/Http/Controllers/
