Looking for git in: git
Using git 2.7.4 from git
> git rev-parse --show-toplevel
> git rev-parse --git-dir
Open repository: /opt/lampp/htdocs/laravel8pro
> git status -z -u
> git show :.env
> git symbolic-ref --short HEAD
> git rev-parse master
> git rev-parse --symbolic-full-name master@{u}
fatal: aucune branche amont configurée pour la branche 'master'
> git for-each-ref --format %(refname) %(objectname) --sort -committerdate
> git remote --verbose
> git check-ignore -v -z --stdin
> git config --get commit.template
> git show :.env
> git check-ignore -v -z --stdin
> git check-ignore -v -z --stdin
> git check-ignore -v -z --stdin
> git show :app/Models/Post.php
> git ls-files --stage -- app/Models/
> git check-ignore -v -z --stdin
> git check-ignore -v -z --stdin
> git show :database/migrations/2021_01_27_082305_create_posts_table.php
> git ls-files --stage -- database/migrations/
> git show :.env
> git check-ignore -v -z --stdin
> git show :database/migrations/2021_01_27_082554_create_posts_table.php
> git ls-files --stage -- database/migrations/
> git check-ignore -v -z --stdin
> git check-ignore -v -z --stdin
> git check-ignore -v -z --stdin
> git show :app/Providers/AppServiceProvider.php
> git status -z -u
> git show :app/Providers/AppServiceProvider.php
> git symbolic-ref --short HEAD
> git rev-parse master
> git rev-parse --symbolic-full-name master@{u}
fatal: aucune branche amont configurée pour la branche 'master'
> git for-each-ref --format %(refname) %(objectname) --sort -committerdate
> git remote --verbose
> git config --get commit.template
> git status -z -u
> git symbolic-ref --short HEAD
> git rev-parse master
> git rev-parse --symbolic-full-name master@{u}
fatal: aucune branche amont configurée pour la branche 'master'
> git for-each-ref --format %(refname) %(objectname) --sort -committerdate
> git remote --verbose
> git config --get commit.template
> git show :app/Providers/AppServiceProvider.php
> git check-ignore -v -z --stdin
> git show :database/seeders/PostTableSeeder.php
> git show :database/seeders/PostTableSeeder.php
> git show :app/Http/Controllers/SessionController.php
> git show :database/seeders/PostTableSeeder.php
> git show :database/migrations/2021_01_27_082554_create_posts_table.php
> git show :app/Providers/AppServiceProvider.php
> git show :database/seeders/PostTableSeeder.php
> git show :database/seeders/DatabaseSeeder.php
