[2021-01-28 10:31:49.585] [exthost] [info] extension host started
[2021-01-28 10:31:49.670] [exthost] [info] ExtensionService#_doActivateExtension vscode.debug-auto-launch {"startup":true,"extensionId":{"value":"vscode.debug-auto-launch","_lower":"vscode.debug-auto-launch"},"activationEvent":"*"}
[2021-01-28 10:31:49.677] [exthost] [info] ExtensionService#loadCommonJSModule file:///usr/share/code/resources/app/extensions/debug-auto-launch/dist/extension
[2021-01-28 10:31:49.681] [exthost] [info] ExtensionService#_doActivateExtension vscode.emmet {"startup":true,"extensionId":{"value":"vscode.emmet","_lower":"vscode.emmet"},"activationEvent":"*"}
[2021-01-28 10:31:49.685] [exthost] [info] ExtensionService#loadCommonJSModule file:///usr/share/code/resources/app/extensions/emmet/dist/extension
[2021-01-28 10:31:49.736] [exthost] [info] ExtensionService#_doActivateExtension vscode.git {"startup":true,"extensionId":{"value":"GitHub.vscode-pull-request-github","_lower":"github.vscode-pull-request-github"},"activationEvent":"*"}
[2021-01-28 10:31:49.740] [exthost] [info] ExtensionService#loadCommonJSModule file:///usr/share/code/resources/app/extensions/git/dist/main
[2021-01-28 10:31:49.817] [exthost] [info] ExtensionService#_doActivateExtension vscode.merge-conflict {"startup":true,"extensionId":{"value":"vscode.merge-conflict","_lower":"vscode.merge-conflict"},"activationEvent":"*"}
[2021-01-28 10:31:49.821] [exthost] [info] ExtensionService#loadCommonJSModule file:///usr/share/code/resources/app/extensions/merge-conflict/dist/extension
[2021-01-28 10:31:49.825] [exthost] [info] ExtensionService#_doActivateExtension austenc.laravel-blade-spacer {"startup":true,"extensionId":{"value":"austenc.laravel-blade-spacer","_lower":"austenc.laravel-blade-spacer"},"activationEvent":"*"}
[2021-01-28 10:31:49.825] [exthost] [info] ExtensionService#loadCommonJSModule file:///home/multicanalservices/.vscode/extensions/austenc.laravel-blade-spacer-2.1.2/out/extension
[2021-01-28 10:31:49.826] [exthost] [info] ExtensionService#_doActivateExtension donjayamanne.githistory {"startup":true,"extensionId":{"value":"donjayamanne.githistory","_lower":"donjayamanne.githistory"},"activationEvent":"*"}
[2021-01-28 10:31:49.842] [exthost] [info] ExtensionService#loadCommonJSModule file:///home/multicanalservices/.vscode/extensions/donjayamanne.githistory-0.6.14/dist/src/extension
[2021-01-28 10:31:49.933] [exthost] [info] ExtensionService#_doActivateExtension eamodio.gitlens {"startup":true,"extensionId":{"value":"eamodio.gitlens","_lower":"eamodio.gitlens"},"activationEvent":"*"}
[2021-01-28 10:31:49.939] [exthost] [info] ExtensionService#loadCommonJSModule file:///home/multicanalservices/.vscode/extensions/eamodio.gitlens-10.2.3/dist/extension
[2021-01-28 10:31:50.204] [exthost] [info] ExtensionService#_doActivateExtension huizhou.githd {"startup":true,"extensionId":{"value":"huizhou.githd","_lower":"huizhou.githd"},"activationEvent":"*"}
[2021-01-28 10:31:50.206] [exthost] [info] ExtensionService#loadCommonJSModule file:///home/multicanalservices/.vscode/extensions/huizhou.githd-2.1.0/out/src/extension
[2021-01-28 10:31:50.235] [exthost] [info] ExtensionService#_doActivateExtension mhutchie.git-graph {"startup":true,"extensionId":{"value":"mhutchie.git-graph","_lower":"mhutchie.git-graph"},"activationEvent":"*"}
[2021-01-28 10:31:50.235] [exthost] [info] ExtensionService#loadCommonJSModule file:///home/multicanalservices/.vscode/extensions/mhutchie.git-graph-1.28.0/out/extension.js
[2021-01-28 10:31:50.260] [exthost] [info] ExtensionService#_doActivateExtension vespa-dev-works.vscode-git-remote {"startup":true,"extensionId":{"value":"vespa-dev-works.vscode-git-remote","_lower":"vespa-dev-works.vscode-git-remote"},"activationEvent":"*"}
[2021-01-28 10:31:50.260] [exthost] [info] ExtensionService#loadCommonJSModule file:///home/multicanalservices/.vscode/extensions/vespa-dev-works.vscode-git-remote-0.0.12/out/src/extension
[2021-01-28 10:31:50.290] [exthost] [info] eager extensions activated
[2021-01-28 10:31:50.650] [exthost] [info] ExtensionService#_doActivateExtension GitHub.vscode-pull-request-github {"startup":true,"extensionId":{"value":"GitHub.vscode-pull-request-github","_lower":"github.vscode-pull-request-github"},"activationEvent":"*"}
[2021-01-28 10:31:50.651] [exthost] [info] ExtensionService#loadCommonJSModule file:///home/multicanalservices/.vscode/extensions/github.vscode-pull-request-github-0.14.0/media/extension
